<?xml version="1.0" encoding="UTF-8"?>
<!-- Generated by org.testng.reporters.JUnitReportReporter -->
<testsuite skipped="0" hostname="TYSS-Sumanth" name="readingData.CreateMultipleUsers" tests="8" failures="0" timestamp="2022-09-13T13:13:55 IST" time="215.432" errors="0">
  <testcase name="registerUser" time="27.312" classname="readingData.CreateMultipleUsers"/>
  <system-out/>
  <testcase name="registerUser" time="27.170" classname="readingData.CreateMultipleUsers"/>
  <system-out/>
  <testcase name="registerUser" time="26.458" classname="readingData.CreateMultipleUsers"/>
  <system-out/>
  <testcase name="registerUser" time="26.317" classname="readingData.CreateMultipleUsers"/>
  <system-out/>
  <testcase name="registerUser" time="26.474" classname="readingData.CreateMultipleUsers"/>
  <system-out/>
  <testcase name="registerUser" time="26.999" classname="readingData.CreateMultipleUsers"/>
  <system-out/>
  <testcase name="registerUser" time="27.281" classname="readingData.CreateMultipleUsers"/>
  <system-out/>
  <testcase name="registerUser" time="27.421" classname="readingData.CreateMultipleUsers"/>
  <system-out/>
</testsuite> <!-- readingData.CreateMultipleUsers -->
