<?xml version="1.0" encoding="UTF-8"?>
<!-- Generated by org.testng.reporters.JUnitReportReporter -->
<testsuite skipped="0" hostname="TYSS-Sumanth" name="readingData.ReadingDataFromExcel" tests="1" failures="0" timestamp="2022-09-12T17:02:43 IST" time="0.340" errors="0">
  <testcase name="readData" time="0.340" classname="readingData.ReadingDataFromExcel"/>
  <system-out/>
</testsuite> <!-- readingData.ReadingDataFromExcel -->
