<?xml version="1.0" encoding="UTF-8"?>
<!-- Generated by org.testng.reporters.JUnitReportReporter -->
<testsuite skipped="0" hostname="TYSS-Sumanth" name="organisation.TC_Organisation_005" tests="1" failures="0" timestamp="2022-09-06T16:11:35 IST" time="23.569" errors="0">
  <testcase name="modifyAccount" time="23.569" classname="organisation.TC_Organisation_005"/>
  <system-out/>
</testsuite> <!-- organisation.TC_Organisation_005 -->
