<?xml version="1.0" encoding="UTF-8"?>
<!-- Generated by org.testng.reporters.JUnitReportReporter -->
<testsuite skipped="0" hostname="TYSS-Sumanth" name="organisation.TC_Organisation_001" tests="1" failures="0" timestamp="2022-09-06T16:17:02 IST" time="12.275" errors="0">
  <testcase name="createAccount" time="12.275" classname="organisation.TC_Organisation_001"/>
  <system-out/>
</testsuite> <!-- organisation.TC_Organisation_001 -->
