<?xml version="1.0" encoding="UTF-8"?>
<!-- Generated by org.testng.reporters.JUnitReportReporter -->
<testsuite skipped="0" hostname="TYSS-Sumanth" name="scripts.Practise" tests="2" failures="0" timestamp="2022-09-05T12:28:58 IST" time="0.006" errors="0">
  <testcase name="cloneAccount" time="0.002" classname="scripts.Practise"/>
  <system-out>
from clone Account method  </system-out>
  <testcase name="amountTransfer" time="0.004" classname="scripts.Practise"/>
  <system-out>
from amount Transfer method  </system-out>
</testsuite> <!-- scripts.Practise -->
